<!DOCTYPE html PUBLIC "-//W3C//DTD XHTML 1.1//EN" "https://www.w3.org/TR/xhtml11/DTD/xhtml11.dtd">
<html xmlns="https://www.w3.org/1999/xhtml">
<head>
<meta http-equiv="content-type" content="text/html; charset=UTF-8"/>
<title>TestNG Report</title>
<style type="text/css">table {margin-bottom:10px;border-collapse:collapse;empty-cells:show}th,td {border:1px solid #009;padding:.25em .5em}th {vertical-align:bottom}td {vertical-align:top}table a {font-weight:bold}.stripe td {background-color: #E6EBF9}.num {text-align:right}.passedodd td {background-color: #3F3}.passedeven td {background-color: #0A0}.skippedodd td {background-color: #DDD}.skippedeven td {background-color: #CCC}.failedodd td,.attn {background-color: #F33}.failedeven td,.stripe .attn {background-color: #D00}.stacktrace {white-space:pre;font-family:monospace}.totop {font-size:85%;text-align:center;border-bottom:2px solid #000}.invisible {display:none}</style>
</head>
<body>
<table>
<tr><th>Test</th><th># Passed</th><th># Skipped</th><th># Retried</th><th># Failed</th><th>Time (ms)</th><th>Included Groups</th><th>Excluded Groups</th></tr>
<tr><th colspan="8">Suite</th></tr>
<tr><td><a href="#t0">Test</a></td><td class="num">11</td><td class="num">0</td><td class="num">0</td><td class="num attn">2</td><td class="num">91,234</td><td></td><td></td></tr>
</table>
<table id='summary'><thead><tr><th>Class</th><th>Method</th><th>Start</th><th>Time (ms)</th></tr></thead><tbody><tr><th colspan="4">Suite</th></tr></tbody><tbody id="t0"><tr><th colspan="4">Test &#8212; failed</th></tr><tr class="failedeven"><td rowspan="1">qnodelogintestcases.LoginTest</td><td><a href="#m0">verifyLoginWithoutCredentials</a></td><td rowspan="1">1701947714199</td><td rowspan="1">403</td></tr><tr class="failedodd"><td rowspan="1">qnodelogintestcases.SearchTest</td><td><a href="#m1">verifySearchWihoutProduct</a></td><td rowspan="1">1701947732466</td><td rowspan="1">10494</td></tr><tr><th colspan="4">Test &#8212; passed</th></tr><tr class="passedeven"><td rowspan="5">qnodelogintestcases.LoginTest</td><td><a href="#m2">verifyLoginWithInvalidCredentials</a></td><td rowspan="1">1701947696064</td><td rowspan="1">401</td></tr><tr class="passedeven"><td><a href="#m3">verifyLoginWithInvalidEmailAndValidPassword</a></td><td rowspan="1">1701947702156</td><td rowspan="1">446</td></tr><tr class="passedeven"><td><a href="#m4">verifyLoginWithValidCredentials</a></td><td rowspan="2">1701947690253</td><td rowspan="2">548</td></tr><tr class="passedeven"><td><a href="#m5">verifyLoginWithValidCredentials</a></td></tr><tr class="passedeven"><td><a href="#m6">verifyLoginWithValidEmailAndInvalidPassword</a></td><td rowspan="1">1701947708211</td><td rowspan="1">385</td></tr><tr class="passedodd"><td rowspan="4">qnodelogintestcases.RegisterTest</td><td><a href="#m7">verifyRegisterAccountWithExistingEmail</a></td><td rowspan="1">1701947671420</td><td rowspan="1">1017</td></tr><tr class="passedodd"><td><a href="#m8">verifyRegisterAccountWithoutProvidingDetails</a></td><td rowspan="1">1701947677921</td><td rowspan="1">399</td></tr><tr class="passedodd"><td><a href="#m9">verifyRegisterWithAllFields</a></td><td rowspan="1">1701947664868</td><td rowspan="1">1123</td></tr><tr class="passedodd"><td><a href="#m10">verifyRegisterWithMandatoryFields</a></td><td rowspan="1">1701947658552</td><td rowspan="1">924</td></tr><tr class="passedeven"><td rowspan="2">qnodelogintestcases.SearchTest</td><td><a href="#m11">verifySearchWithNonExistProduct</a></td><td rowspan="1">1701947726676</td><td rowspan="1">377</td></tr><tr class="passedeven"><td><a href="#m12">verifySearchWithValidProduct</a></td><td rowspan="1">1701947721151</td><td rowspan="1">429</td></tr></tbody>
</table>
<h2>Test</h2><h3 id="m0">qnodelogintestcases.LoginTest#verifyLoginWithoutCredentials</h3><table class="result"><tr><th>Exception</th></tr><tr><td><div class="stacktrace">java.lang.AssertionError: expected [true] but found [false]
	at qnodelogintestcases.LoginTest.verifyLoginWithoutCredentials(LoginTest.java:138)
	at java.base/java.util.ArrayList.forEach(ArrayList.java:1511)
... Removed 35 stack frames</div></td></tr></table><p class="totop"><a href="#summary">back to summary</a></p>
<h3 id="m1">qnodelogintestcases.SearchTest#verifySearchWihoutProduct</h3><table class="result"><tr><th>Exception</th></tr><tr><td><div class="stacktrace">org.openqa.selenium.NoSuchElementException: Unable to locate element: //p[contains(text(),&apos;There is no product that matches the search criteria.&apos;)]
For documentation on this error, please visit: https://www.selenium.dev/documentation/webdriver/troubleshooting/errors#no-such-element-exception
Build info: version: &apos;4.13.0&apos;, revision: &apos;ba948ece5b*&apos;
System info: os.name: &apos;Windows 10&apos;, os.arch: &apos;amd64&apos;, os.version: &apos;10.0&apos;, java.version: &apos;17.0.9&apos;
Driver info: org.openqa.selenium.firefox.FirefoxDriver
Command: [5713bfa7-2bcf-4287-a2ad-9b1f5904a7f0, findElement {using=xpath, value=//p[contains(text(),&apos;There is no product that matches the search criteria.&apos;)]}]
Capabilities {acceptInsecureCerts: true, browserName: firefox, browserVersion: 120.0.1, moz:accessibilityChecks: false, moz:buildID: 20231129155202, moz:debuggerAddress: 127.0.0.1:30227, moz:geckodriverVersion: 0.33.0, moz:headless: false, moz:platformVersion: 10.0, moz:processID: 644, moz:profile: C:\Users\MITTAL~1\AppData\L..., moz:shutdownTimeout: 60000, moz:webdriverClick: true, moz:windowless: false, pageLoadStrategy: normal, platformName: windows, proxy: Proxy(), se:cdp: ws://127.0.0.1:30227/devtoo..., se:cdpVersion: 85.0, setWindowRect: true, strictFileInteractability: false, timeouts: {implicit: 0, pageLoad: 300000, script: 30000}, unhandledPromptBehavior: dismiss and notify}
Session ID: 5713bfa7-2bcf-4287-a2ad-9b1f5904a7f0
	at org.openqa.selenium.remote.codec.w3c.W3CHttpResponseCodec.createException(W3CHttpResponseCodec.java:200)
	at org.openqa.selenium.remote.codec.w3c.W3CHttpResponseCodec.decode(W3CHttpResponseCodec.java:133)
	at org.openqa.selenium.remote.codec.w3c.W3CHttpResponseCodec.decode(W3CHttpResponseCodec.java:52)
	at org.openqa.selenium.remote.HttpCommandExecutor.execute(HttpCommandExecutor.java:191)
	at org.openqa.selenium.remote.service.DriverCommandExecutor.invokeExecute(DriverCommandExecutor.java:196)
	at org.openqa.selenium.remote.service.DriverCommandExecutor.execute(DriverCommandExecutor.java:171)
	at org.openqa.selenium.remote.RemoteWebDriver.execute(RemoteWebDriver.java:602)
	at org.openqa.selenium.remote.ElementLocation$ElementFinder$2.findElement(ElementLocation.java:165)
	at org.openqa.selenium.remote.ElementLocation.findElement(ElementLocation.java:59)
	at org.openqa.selenium.remote.RemoteWebDriver.findElement(RemoteWebDriver.java:359)
	at org.openqa.selenium.remote.RemoteWebDriver.findElement(RemoteWebDriver.java:353)
	at org.openqa.selenium.support.pagefactory.DefaultElementLocator.findElement(DefaultElementLocator.java:68)
	at org.openqa.selenium.support.pagefactory.internal.LocatingElementHandler.invoke(LocatingElementHandler.java:38)
	at jdk.proxy2/jdk.proxy2.$Proxy18.getText(Unknown Source)
	at com.qnode.qa.pages.SearchPage.retriveNoProductMessageText(SearchPage.java:33)
	at qnodelogintestcases.SearchTest.verifySearchWihoutProduct(SearchTest.java:72)
	at java.base/java.util.ArrayList.forEach(ArrayList.java:1511)
... Removed 36 stack frames</div></td></tr></table><p class="totop"><a href="#summary">back to summary</a></p>
<h3 id="m2">qnodelogintestcases.LoginTest#verifyLoginWithInvalidCredentials</h3><table class="result"><tr><th class="invisible"/></tr></table><p class="totop"><a href="#summary">back to summary</a></p>
<h3 id="m3">qnodelogintestcases.LoginTest#verifyLoginWithInvalidEmailAndValidPassword</h3><table class="result"><tr><th class="invisible"/></tr></table><p class="totop"><a href="#summary">back to summary</a></p>
<h3 id="m4">qnodelogintestcases.LoginTest#verifyLoginWithValidCredentials</h3><table class="result"><tr class="param"><th>Parameter #1</th><th>Parameter #2</th></tr><tr class="param stripe"><td>demouser1@gmail1.com</td><td>12345</td></tr></table><p class="totop"><a href="#summary">back to summary</a></p>
<h3 id="m5">qnodelogintestcases.LoginTest#verifyLoginWithValidCredentials</h3><table class="result"><tr class="param"><th>Parameter #1</th><th>Parameter #2</th></tr><tr class="param stripe"><td>demousermalay@gmail.com</td><td>12345</td></tr></table><p class="totop"><a href="#summary">back to summary</a></p>
<h3 id="m6">qnodelogintestcases.LoginTest#verifyLoginWithValidEmailAndInvalidPassword</h3><table class="result"><tr><th class="invisible"/></tr></table><p class="totop"><a href="#summary">back to summary</a></p>
<h3 id="m7">qnodelogintestcases.RegisterTest#verifyRegisterAccountWithExistingEmail</h3><table class="result"><tr><th class="invisible"/></tr></table><p class="totop"><a href="#summary">back to summary</a></p>
<h3 id="m8">qnodelogintestcases.RegisterTest#verifyRegisterAccountWithoutProvidingDetails</h3><table class="result"><tr><th class="invisible"/></tr></table><p class="totop"><a href="#summary">back to summary</a></p>
<h3 id="m9">qnodelogintestcases.RegisterTest#verifyRegisterWithAllFields</h3><table class="result"><tr><th class="invisible"/></tr></table><p class="totop"><a href="#summary">back to summary</a></p>
<h3 id="m10">qnodelogintestcases.RegisterTest#verifyRegisterWithMandatoryFields</h3><table class="result"><tr><th class="invisible"/></tr></table><p class="totop"><a href="#summary">back to summary</a></p>
<h3 id="m11">qnodelogintestcases.SearchTest#verifySearchWithNonExistProduct</h3><table class="result"><tr><th class="invisible"/></tr></table><p class="totop"><a href="#summary">back to summary</a></p>
<h3 id="m12">qnodelogintestcases.SearchTest#verifySearchWithValidProduct</h3><table class="result"><tr><th class="invisible"/></tr></table><p class="totop"><a href="#summary">back to summary</a></p>
</body>
</html>
